
*** Running vivado
    with args -log axis_dma_stream_add_one_wrapper.vdi -applog -m64 -product Vivado -messageDb vivado.pb -mode batch -source axis_dma_stream_add_one_wrapper.tcl -notrace



****** Vivado v2022.2 (64-bit)
  **** SW Build 3671981 on Fri Oct 14 05:00:03 MDT 2022
  **** IP Build 3669848 on Fri Oct 14 08:30:02 MDT 2022
    ** Copyright 1986-2022 Xilinx, Inc. All Rights Reserved.

source axis_dma_stream_add_one_wrapper.tcl -notrace
create_project: Time (s): cpu = 00:00:06 ; elapsed = 00:00:06 . Memory (MB): peak = 377.418 ; gain = 50.133
INFO: [IP_Flow 19-234] Refreshing IP repositories
INFO: [IP_Flow 19-1704] No user IP repositories specified
INFO: [IP_Flow 19-2313] Loaded Vivado IP repository 'D:/Xilinx/Vivado/2022.2/data/ip'.
add_files: Time (s): cpu = 00:00:07 ; elapsed = 00:00:09 . Memory (MB): peak = 458.605 ; gain = 76.500
Command: link_design -top axis_dma_stream_add_one_wrapper -part xck26-sfvc784-2LV-c
Design is defaulting to srcset: sources_1
Design is defaulting to constrset: constrs_1
INFO: [Device 21-403] Loading part xck26-sfvc784-2LV-c
INFO: [Project 1-454] Reading design checkpoint 'd:/FPGA/Vivaldo Project/kr260_experiments/07_axis_dma_stream_add_one/07_axis_dma_stream_add_one.gen/sources_1/bd/axis_dma_stream_add_one/ip/axis_dma_stream_add_one_axi_bram_ctrl_0_0/axis_dma_stream_add_one_axi_bram_ctrl_0_0.dcp' for cell 'axis_dma_stream_add_one_i/axi_bram_ctrl_0'
INFO: [Project 1-454] Reading design checkpoint 'd:/FPGA/Vivaldo Project/kr260_experiments/07_axis_dma_stream_add_one/07_axis_dma_stream_add_one.gen/sources_1/bd/axis_dma_stream_add_one/ip/axis_dma_stream_add_one_axi_dma_0_0/axis_dma_stream_add_one_axi_dma_0_0.dcp' for cell 'axis_dma_stream_add_one_i/axi_dma_0'
INFO: [Project 1-454] Reading design checkpoint 'd:/FPGA/Vivaldo Project/kr260_experiments/07_axis_dma_stream_add_one/07_axis_dma_stream_add_one.gen/sources_1/bd/axis_dma_stream_add_one/ip/axis_dma_stream_add_one_axis_add_one_0_0/axis_dma_stream_add_one_axis_add_one_0_0.dcp' for cell 'axis_dma_stream_add_one_i/axis_add_one_0'
INFO: [Project 1-454] Reading design checkpoint 'd:/FPGA/Vivaldo Project/kr260_experiments/07_axis_dma_stream_add_one/07_axis_dma_stream_add_one.gen/sources_1/bd/axis_dma_stream_add_one/ip/axis_dma_stream_add_one_blk_mem_gen_0_0/axis_dma_stream_add_one_blk_mem_gen_0_0.dcp' for cell 'axis_dma_stream_add_one_i/blk_mem_gen_0'
INFO: [Project 1-454] Reading design checkpoint 'd:/FPGA/Vivaldo Project/kr260_experiments/07_axis_dma_stream_add_one/07_axis_dma_stream_add_one.gen/sources_1/bd/axis_dma_stream_add_one/ip/axis_dma_stream_add_one_proc_sys_reset_0_0/axis_dma_stream_add_one_proc_sys_reset_0_0.dcp' for cell 'axis_dma_stream_add_one_i/proc_sys_reset_0'
INFO: [Project 1-454] Reading design checkpoint 'd:/FPGA/Vivaldo Project/kr260_experiments/07_axis_dma_stream_add_one/07_axis_dma_stream_add_one.gen/sources_1/bd/axis_dma_stream_add_one/ip/axis_dma_stream_add_one_smartconnect_0_0/axis_dma_stream_add_one_smartconnect_0_0.dcp' for cell 'axis_dma_stream_add_one_i/smartconnect_0'
INFO: [Project 1-454] Reading design checkpoint 'd:/FPGA/Vivaldo Project/kr260_experiments/07_axis_dma_stream_add_one/07_axis_dma_stream_add_one.gen/sources_1/bd/axis_dma_stream_add_one/ip/axis_dma_stream_add_one_zynq_ultra_ps_e_0_0/axis_dma_stream_add_one_zynq_ultra_ps_e_0_0.dcp' for cell 'axis_dma_stream_add_one_i/zynq_ultra_ps_e_0'
Netlist sorting complete. Time (s): cpu = 00:00:01 ; elapsed = 00:00:00.962 . Memory (MB): peak = 1494.156 ; gain = 0.000
INFO: [Netlist 29-17] Analyzing 199 Unisim elements for replacement
INFO: [Netlist 29-28] Unisim Transformation completed in 0 CPU seconds
INFO: [Project 1-479] Netlist was created with Vivado 2022.2
INFO: [Project 1-570] Preparing netlist for logic optimization
Parsing XDC File [d:/FPGA/Vivaldo Project/kr260_experiments/07_axis_dma_stream_add_one/07_axis_dma_stream_add_one.gen/sources_1/bd/axis_dma_stream_add_one/ip/axis_dma_stream_add_one_zynq_ultra_ps_e_0_0/axis_dma_stream_add_one_zynq_ultra_ps_e_0_0.xdc] for cell 'axis_dma_stream_add_one_i/zynq_ultra_ps_e_0/inst'
create_clock: Time (s): cpu = 00:00:05 ; elapsed = 00:00:05 . Memory (MB): peak = 1732.730 ; gain = 31.352
Finished Parsing XDC File [d:/FPGA/Vivaldo Project/kr260_experiments/07_axis_dma_stream_add_one/07_axis_dma_stream_add_one.gen/sources_1/bd/axis_dma_stream_add_one/ip/axis_dma_stream_add_one_zynq_ultra_ps_e_0_0/axis_dma_stream_add_one_zynq_ultra_ps_e_0_0.xdc] for cell 'axis_dma_stream_add_one_i/zynq_ultra_ps_e_0/inst'
Parsing XDC File [d:/FPGA/Vivaldo Project/kr260_experiments/07_axis_dma_stream_add_one/07_axis_dma_stream_add_one.gen/sources_1/bd/axis_dma_stream_add_one/ip/axis_dma_stream_add_one_proc_sys_reset_0_0/axis_dma_stream_add_one_proc_sys_reset_0_0_board.xdc] for cell 'axis_dma_stream_add_one_i/proc_sys_reset_0/U0'
Finished Parsing XDC File [d:/FPGA/Vivaldo Project/kr260_experiments/07_axis_dma_stream_add_one/07_axis_dma_stream_add_one.gen/sources_1/bd/axis_dma_stream_add_one/ip/axis_dma_stream_add_one_proc_sys_reset_0_0/axis_dma_stream_add_one_proc_sys_reset_0_0_board.xdc] for cell 'axis_dma_stream_add_one_i/proc_sys_reset_0/U0'
Parsing XDC File [d:/FPGA/Vivaldo Project/kr260_experiments/07_axis_dma_stream_add_one/07_axis_dma_stream_add_one.gen/sources_1/bd/axis_dma_stream_add_one/ip/axis_dma_stream_add_one_proc_sys_reset_0_0/axis_dma_stream_add_one_proc_sys_reset_0_0.xdc] for cell 'axis_dma_stream_add_one_i/proc_sys_reset_0/U0'
Finished Parsing XDC File [d:/FPGA/Vivaldo Project/kr260_experiments/07_axis_dma_stream_add_one/07_axis_dma_stream_add_one.gen/sources_1/bd/axis_dma_stream_add_one/ip/axis_dma_stream_add_one_proc_sys_reset_0_0/axis_dma_stream_add_one_proc_sys_reset_0_0.xdc] for cell 'axis_dma_stream_add_one_i/proc_sys_reset_0/U0'
Parsing XDC File [d:/FPGA/Vivaldo Project/kr260_experiments/07_axis_dma_stream_add_one/07_axis_dma_stream_add_one.gen/sources_1/bd/axis_dma_stream_add_one/ip/axis_dma_stream_add_one_smartconnect_0_0/bd_0/ip/ip_1/bd_e4f8_psr_aclk_0_board.xdc] for cell 'axis_dma_stream_add_one_i/smartconnect_0/inst/clk_map/psr_aclk/U0'
Finished Parsing XDC File [d:/FPGA/Vivaldo Project/kr260_experiments/07_axis_dma_stream_add_one/07_axis_dma_stream_add_one.gen/sources_1/bd/axis_dma_stream_add_one/ip/axis_dma_stream_add_one_smartconnect_0_0/bd_0/ip/ip_1/bd_e4f8_psr_aclk_0_board.xdc] for cell 'axis_dma_stream_add_one_i/smartconnect_0/inst/clk_map/psr_aclk/U0'
Parsing XDC File [d:/FPGA/Vivaldo Project/kr260_experiments/07_axis_dma_stream_add_one/07_axis_dma_stream_add_one.gen/sources_1/bd/axis_dma_stream_add_one/ip/axis_dma_stream_add_one_smartconnect_0_0/bd_0/ip/ip_1/bd_e4f8_psr_aclk_0.xdc] for cell 'axis_dma_stream_add_one_i/smartconnect_0/inst/clk_map/psr_aclk/U0'
Finished Parsing XDC File [d:/FPGA/Vivaldo Project/kr260_experiments/07_axis_dma_stream_add_one/07_axis_dma_stream_add_one.gen/sources_1/bd/axis_dma_stream_add_one/ip/axis_dma_stream_add_one_smartconnect_0_0/bd_0/ip/ip_1/bd_e4f8_psr_aclk_0.xdc] for cell 'axis_dma_stream_add_one_i/smartconnect_0/inst/clk_map/psr_aclk/U0'
Parsing XDC File [d:/FPGA/Vivaldo Project/kr260_experiments/07_axis_dma_stream_add_one/07_axis_dma_stream_add_one.gen/sources_1/bd/axis_dma_stream_add_one/ip/axis_dma_stream_add_one_axi_dma_0_0/axis_dma_stream_add_one_axi_dma_0_0.xdc] for cell 'axis_dma_stream_add_one_i/axi_dma_0/U0'
WARNING: [Vivado_Tcl 4-921] Waiver ID 'CDC-1' -to list should not be empty. [d:/FPGA/Vivaldo Project/kr260_experiments/07_axis_dma_stream_add_one/07_axis_dma_stream_add_one.gen/sources_1/bd/axis_dma_stream_add_one/ip/axis_dma_stream_add_one_axi_dma_0_0/axis_dma_stream_add_one_axi_dma_0_0.xdc:52]
WARNING: [Vivado_Tcl 4-921] Waiver ID 'CDC-1' -to list should not be empty. [d:/FPGA/Vivaldo Project/kr260_experiments/07_axis_dma_stream_add_one/07_axis_dma_stream_add_one.gen/sources_1/bd/axis_dma_stream_add_one/ip/axis_dma_stream_add_one_axi_dma_0_0/axis_dma_stream_add_one_axi_dma_0_0.xdc:56]
WARNING: [Vivado_Tcl 4-919] Waiver ID 'CDC-1' -from list should not be empty. [d:/FPGA/Vivaldo Project/kr260_experiments/07_axis_dma_stream_add_one/07_axis_dma_stream_add_one.gen/sources_1/bd/axis_dma_stream_add_one/ip/axis_dma_stream_add_one_axi_dma_0_0/axis_dma_stream_add_one_axi_dma_0_0.xdc:61]
Finished Parsing XDC File [d:/FPGA/Vivaldo Project/kr260_experiments/07_axis_dma_stream_add_one/07_axis_dma_stream_add_one.gen/sources_1/bd/axis_dma_stream_add_one/ip/axis_dma_stream_add_one_axi_dma_0_0/axis_dma_stream_add_one_axi_dma_0_0.xdc] for cell 'axis_dma_stream_add_one_i/axi_dma_0/U0'
Parsing XDC File [d:/FPGA/Vivaldo Project/kr260_experiments/07_axis_dma_stream_add_one/07_axis_dma_stream_add_one.gen/sources_1/bd/axis_dma_stream_add_one/ip/axis_dma_stream_add_one_axi_dma_0_0/axis_dma_stream_add_one_axi_dma_0_0_clocks.xdc] for cell 'axis_dma_stream_add_one_i/axi_dma_0/U0'
Finished Parsing XDC File [d:/FPGA/Vivaldo Project/kr260_experiments/07_axis_dma_stream_add_one/07_axis_dma_stream_add_one.gen/sources_1/bd/axis_dma_stream_add_one/ip/axis_dma_stream_add_one_axi_dma_0_0/axis_dma_stream_add_one_axi_dma_0_0_clocks.xdc] for cell 'axis_dma_stream_add_one_i/axi_dma_0/U0'
INFO: [Project 1-1714] 87 XPM XDC files have been applied to the design.
INFO: [Opt 31-138] Pushed 0 inverter(s) to 0 load pin(s).
Netlist sorting complete. Time (s): cpu = 00:00:00 ; elapsed = 00:00:00.021 . Memory (MB): peak = 1741.320 ; gain = 0.000
INFO: [Project 1-111] Unisim Transformation Summary:
  A total of 168 instances were transformed.
  RAM16X1D => RAM32X1D (RAMD32(x2)): 3 instances
  RAM32M16 => RAM32M16 (RAMD32(x14), RAMS32(x2)): 157 instances
  RAM32X1D => RAM32X1D (RAMD32(x2)): 8 instances

18 Infos, 3 Warnings, 0 Critical Warnings and 0 Errors encountered.
link_design completed successfully
link_design: Time (s): cpu = 00:00:27 ; elapsed = 00:00:34 . Memory (MB): peak = 1741.320 ; gain = 1282.715
Command: opt_design
Attempting to get a license for feature 'Implementation' and/or device 'xck26'
INFO: [Common 17-349] Got license for feature 'Implementation' and/or device 'xck26'
Running DRC as a precondition to command opt_design

Starting DRC Task
INFO: [DRC 23-27] Running DRC with 2 threads
INFO: [Project 1-461] DRC finished with 0 Errors
INFO: [Project 1-462] Please refer to the DRC report (report_drc) for more information.

Time (s): cpu = 00:00:02 ; elapsed = 00:00:02 . Memory (MB): peak = 1761.297 ; gain = 19.977

Starting Cache Timing Information Task
INFO: [Timing 38-35] Done setting XDC timing constraints.
Ending Cache Timing Information Task | Checksum: 87a892dd

Time (s): cpu = 00:00:05 ; elapsed = 00:00:05 . Memory (MB): peak = 2072.340 ; gain = 311.043

Starting Logic Optimization Task

Phase 1 Retarget
INFO: [Opt 31-1287] Pulled Inverter axis_dma_stream_add_one_i/axi_dma_0/U0/I_PRMRY_DATAMOVER/GEN_S2MM_FULL.I_S2MM_FULL_WRAPPER/GEN_ENABLE_INDET_BTT_SF.I_INDET_BTT/I_XD_FIFO/NON_BLK_MEM.I_SYNC_FIFOGEN_FIFO/xpm_fifo_instance.xpm_fifo_sync_inst_i_1__0 into driver instance axis_dma_stream_add_one_i/axi_dma_0/U0/I_PRMRY_DATAMOVER/GEN_S2MM_FULL.I_S2MM_FULL_WRAPPER/GEN_ENABLE_INDET_BTT_SF.I_INDET_BTT/I_XD_FIFO/NON_BLK_MEM.I_SYNC_FIFOGEN_FIFO/xpm_fifo_instance.xpm_fifo_sync_inst_i_9__0, which resulted in an inversion of 18 pins
INFO: [Opt 31-1287] Pulled Inverter axis_dma_stream_add_one_i/axi_dma_0/U0/I_PRMRY_DATAMOVER/GEN_S2MM_FULL.I_S2MM_FULL_WRAPPER/I_WR_DATA_CNTL/GEN_DATA_CNTL_FIFO.I_DATA_CNTL_FIFO/USE_SRL_FIFO.I_SYNC_FIFO/I_SRL_FIFO_RBU_F/CNTR_INCR_DECR_ADDN_F_I/sig_next_calc_error_reg_i_2 into driver instance axis_dma_stream_add_one_i/axi_dma_0/U0/I_PRMRY_DATAMOVER/GEN_S2MM_FULL.I_S2MM_FULL_WRAPPER/I_WR_DATA_CNTL/GEN_DATA_CNTL_FIFO.I_DATA_CNTL_FIFO/USE_SRL_FIFO.I_SYNC_FIFO/I_SRL_FIFO_RBU_F/CNTR_INCR_DECR_ADDN_F_I/INFERRED_GEN.cnt_i[2]_i_2__2, which resulted in an inversion of 20 pins
INFO: [Opt 31-1287] Pulled Inverter axis_dma_stream_add_one_i/smartconnect_0/inst/m01_exit_pipeline/m01_exit/inst/splitter_inst/gen_axi4lite.axilite_conv/s_axi_rlast_INST_0 into driver instance axis_dma_stream_add_one_i/smartconnect_0/inst/m01_exit_pipeline/m01_exit/inst/splitter_inst/gen_axi4lite.axilite_conv/s_axi_rlast_INST_0_i_1, which resulted in an inversion of 9 pins
INFO: [Opt 31-1287] Pulled Inverter axis_dma_stream_add_one_i/smartconnect_0/inst/s00_entry_pipeline/s00_si_converter/inst/converter.wrap_narrow_inst/w_payld_fifo/cmd_fifo/cmd_len_qq[7]_i_1__3 into driver instance axis_dma_stream_add_one_i/smartconnect_0/inst/s00_entry_pipeline/s00_si_converter/inst/converter.wrap_narrow_inst/w_payld_fifo/cmd_fifo/gen_pipelined.state[2]_i_3__1, which resulted in an inversion of 6 pins
INFO: [Opt 31-138] Pushed 80 inverter(s) to 1012 load pin(s).
INFO: [Opt 31-49] Retargeted 0 cell(s).
Phase 1 Retarget | Checksum: ff3259c1

Time (s): cpu = 00:00:02 ; elapsed = 00:00:02 . Memory (MB): peak = 2422.855 ; gain = 0.000
INFO: [Opt 31-389] Phase Retarget created 47 cells and removed 449 cells
INFO: [Opt 31-1021] In phase Retarget, 60 netlist objects are constrained preventing optimization. Please run opt_design with -debug_log to get more detail. 

Phase 2 Constant propagation
INFO: [Opt 31-138] Pushed 1 inverter(s) to 1 load pin(s).
Phase 2 Constant propagation | Checksum: 1160845c5

Time (s): cpu = 00:00:02 ; elapsed = 00:00:02 . Memory (MB): peak = 2422.855 ; gain = 0.000
INFO: [Opt 31-389] Phase Constant propagation created 49 cells and removed 320 cells
INFO: [Opt 31-1021] In phase Constant propagation, 80 netlist objects are constrained preventing optimization. Please run opt_design with -debug_log to get more detail. 

Phase 3 Sweep
Phase 3 Sweep | Checksum: 10309efe1

Time (s): cpu = 00:00:04 ; elapsed = 00:00:04 . Memory (MB): peak = 2422.855 ; gain = 0.000
INFO: [Opt 31-389] Phase Sweep created 0 cells and removed 2839 cells
INFO: [Opt 31-1021] In phase Sweep, 102 netlist objects are constrained preventing optimization. Please run opt_design with -debug_log to get more detail. 

Phase 4 BUFG optimization
INFO: [Opt 31-1077] Phase BUFG optimization inserted 0 global clock buffer(s) for CLOCK_LOW_FANOUT.
Phase 4 BUFG optimization | Checksum: 10309efe1

Time (s): cpu = 00:00:05 ; elapsed = 00:00:04 . Memory (MB): peak = 2422.855 ; gain = 0.000
INFO: [Opt 31-662] Phase BUFG optimization created 0 cells of which 0 are BUFGs and removed 0 cells.

Phase 5 Shift Register Optimization
INFO: [Opt 31-1064] SRL Remap converted 0 SRLs to 0 registers and converted 0 registers of register chains to 0 SRLs
Phase 5 Shift Register Optimization | Checksum: 10309efe1

Time (s): cpu = 00:00:05 ; elapsed = 00:00:04 . Memory (MB): peak = 2422.855 ; gain = 0.000
INFO: [Opt 31-389] Phase Shift Register Optimization created 0 cells and removed 0 cells

Phase 6 Post Processing Netlist
Phase 6 Post Processing Netlist | Checksum: a305daed

Time (s): cpu = 00:00:05 ; elapsed = 00:00:05 . Memory (MB): peak = 2422.855 ; gain = 0.000
INFO: [Opt 31-389] Phase Post Processing Netlist created 0 cells and removed 0 cells
INFO: [Opt 31-1021] In phase Post Processing Netlist, 60 netlist objects are constrained preventing optimization. Please run opt_design with -debug_log to get more detail. 
Opt_design Change Summary
=========================


-------------------------------------------------------------------------------------------------------------------------
|  Phase                        |  #Cells created  |  #Cells Removed  |  #Constrained objects preventing optimizations  |
-------------------------------------------------------------------------------------------------------------------------
|  Retarget                     |              47  |             449  |                                             60  |
|  Constant propagation         |              49  |             320  |                                             80  |
|  Sweep                        |               0  |            2839  |                                            102  |
|  BUFG optimization            |               0  |               0  |                                              0  |
|  Shift Register Optimization  |               0  |               0  |                                              0  |
|  Post Processing Netlist      |               0  |               0  |                                             60  |
-------------------------------------------------------------------------------------------------------------------------



Starting Connectivity Check Task

Time (s): cpu = 00:00:00 ; elapsed = 00:00:00.051 . Memory (MB): peak = 2422.855 ; gain = 0.000
Ending Logic Optimization Task | Checksum: 8a4fd7d8

Time (s): cpu = 00:00:06 ; elapsed = 00:00:05 . Memory (MB): peak = 2422.855 ; gain = 0.000

Starting Power Optimization Task
INFO: [Pwropt 34-132] Skipping clock gating for clocks with a period < 2.00 ns.
INFO: [Pwropt 34-9] Applying IDT optimizations ...
INFO: [Pwropt 34-10] Applying ODC optimizations ...
INFO: [Timing 38-35] Done setting XDC timing constraints.
Running Vector-less Activity Propagation...

Finished Running Vector-less Activity Propagation


Starting PowerOpt Patch Enables Task
INFO: [Pwropt 34-162] WRITE_MODE attribute of 0 BRAM(s) out of a total of 18 has been updated to save power. Run report_power_opt to get a complete listing of the BRAMs updated.
INFO: [Pwropt 34-201] Structural ODC has moved 0 WE to EN ports
Number of BRAM Ports augmented: 0 newly gated: 0 Total Ports: 36
Ending PowerOpt Patch Enables Task | Checksum: 8a4fd7d8

Time (s): cpu = 00:00:00 ; elapsed = 00:00:00.312 . Memory (MB): peak = 3007.637 ; gain = 0.000
Ending Power Optimization Task | Checksum: 8a4fd7d8

Time (s): cpu = 00:00:22 ; elapsed = 00:00:19 . Memory (MB): peak = 3007.637 ; gain = 584.781

Starting Final Cleanup Task
Ending Final Cleanup Task | Checksum: 8a4fd7d8

Time (s): cpu = 00:00:00 ; elapsed = 00:00:00.006 . Memory (MB): peak = 3007.637 ; gain = 0.000

Starting Netlist Obfuscation Task
Netlist sorting complete. Time (s): cpu = 00:00:00 ; elapsed = 00:00:00.031 . Memory (MB): peak = 3007.637 ; gain = 0.000
Ending Netlist Obfuscation Task | Checksum: 8a4fd7d8

Time (s): cpu = 00:00:00 ; elapsed = 00:00:00.034 . Memory (MB): peak = 3007.637 ; gain = 0.000
INFO: [Common 17-83] Releasing license: Implementation
49 Infos, 3 Warnings, 0 Critical Warnings and 0 Errors encountered.
opt_design completed successfully
opt_design: Time (s): cpu = 00:00:39 ; elapsed = 00:00:34 . Memory (MB): peak = 3007.637 ; gain = 1266.316
INFO: [Timing 38-480] Writing timing data to binary archive.
INFO: [Common 17-1381] The checkpoint 'D:/FPGA/Vivaldo Project/kr260_experiments/07_axis_dma_stream_add_one/07_axis_dma_stream_add_one.runs/impl_1/axis_dma_stream_add_one_wrapper_opt.dcp' has been generated.
write_checkpoint: Time (s): cpu = 00:00:06 ; elapsed = 00:00:05 . Memory (MB): peak = 3007.637 ; gain = 0.000
INFO: [runtcl-4] Executing : report_drc -file axis_dma_stream_add_one_wrapper_drc_opted.rpt -pb axis_dma_stream_add_one_wrapper_drc_opted.pb -rpx axis_dma_stream_add_one_wrapper_drc_opted.rpx
Command: report_drc -file axis_dma_stream_add_one_wrapper_drc_opted.rpt -pb axis_dma_stream_add_one_wrapper_drc_opted.pb -rpx axis_dma_stream_add_one_wrapper_drc_opted.rpx
INFO: [IP_Flow 19-1839] IP Catalog is up to date.
INFO: [Timing 38-35] Done setting XDC timing constraints.
INFO: [DRC 23-27] Running DRC with 2 threads
INFO: [Vivado_Tcl 2-168] The results of DRC are in file D:/FPGA/Vivaldo Project/kr260_experiments/07_axis_dma_stream_add_one/07_axis_dma_stream_add_one.runs/impl_1/axis_dma_stream_add_one_wrapper_drc_opted.rpt.
report_drc completed successfully
report_drc: Time (s): cpu = 00:00:33 ; elapsed = 00:00:30 . Memory (MB): peak = 4069.500 ; gain = 1061.863
Command: place_design
Attempting to get a license for feature 'Implementation' and/or device 'xck26'
INFO: [Common 17-349] Got license for feature 'Implementation' and/or device 'xck26'
INFO: [DRC 23-27] Running DRC with 2 threads
INFO: [Vivado_Tcl 4-198] DRC finished with 0 Errors
INFO: [Vivado_Tcl 4-199] Please refer to the DRC report (report_drc) for more information.
Running DRC as a precondition to command place_design
INFO: [DRC 23-27] Running DRC with 2 threads
INFO: [Vivado_Tcl 4-198] DRC finished with 0 Errors
INFO: [Vivado_Tcl 4-199] Please refer to the DRC report (report_drc) for more information.

Starting Placer Task
INFO: [Place 30-611] Multithreading enabled for place_design using a maximum of 2 CPUs

Phase 1 Placer Initialization

Phase 1.1 Placer Initialization Netlist Sorting
Netlist sorting complete. Time (s): cpu = 00:00:00 ; elapsed = 00:00:00.028 . Memory (MB): peak = 4069.500 ; gain = 0.000
Phase 1.1 Placer Initialization Netlist Sorting | Checksum: 02dd163a

Time (s): cpu = 00:00:00 ; elapsed = 00:00:00.048 . Memory (MB): peak = 4069.500 ; gain = 0.000
Netlist sorting complete. Time (s): cpu = 00:00:00 ; elapsed = 00:00:00.027 . Memory (MB): peak = 4069.500 ; gain = 0.000

Phase 1.2 IO Placement/ Clock Placement/ Build Placer Device
Phase 1.2 IO Placement/ Clock Placement/ Build Placer Device | Checksum: df33b3b6

Time (s): cpu = 00:00:05 ; elapsed = 00:00:04 . Memory (MB): peak = 4069.500 ; gain = 0.000

Phase 1.3 Build Placer Netlist Model
Phase 1.3 Build Placer Netlist Model | Checksum: 1ab7d99c0

Time (s): cpu = 00:00:14 ; elapsed = 00:00:10 . Memory (MB): peak = 4069.500 ; gain = 0.000

Phase 1.4 Constrain Clocks/Macros
Phase 1.4 Constrain Clocks/Macros | Checksum: 1ab7d99c0

Time (s): cpu = 00:00:14 ; elapsed = 00:00:10 . Memory (MB): peak = 4069.500 ; gain = 0.000
Phase 1 Placer Initialization | Checksum: 1ab7d99c0

Time (s): cpu = 00:00:14 ; elapsed = 00:00:10 . Memory (MB): peak = 4069.500 ; gain = 0.000

Phase 2 Global Placement

Phase 2.1 Floorplanning

Phase 2.1.1 Partition Driven Placement

Phase 2.1.1.1 PBP: Partition Driven Placement
Phase 2.1.1.1 PBP: Partition Driven Placement | Checksum: f1e05732

Time (s): cpu = 00:00:22 ; elapsed = 00:00:15 . Memory (MB): peak = 4069.500 ; gain = 0.000

Phase 2.1.1.2 PBP: Clock Region Placement
Phase 2.1.1.2 PBP: Clock Region Placement | Checksum: ec590e86

Time (s): cpu = 00:00:23 ; elapsed = 00:00:16 . Memory (MB): peak = 4069.500 ; gain = 0.000

Phase 2.1.1.3 PBP: Compute Congestion
Phase 2.1.1.3 PBP: Compute Congestion | Checksum: ec590e86

Time (s): cpu = 00:00:23 ; elapsed = 00:00:17 . Memory (MB): peak = 4069.500 ; gain = 0.000

Phase 2.1.1.4 PBP: UpdateTiming
Phase 2.1.1.4 PBP: UpdateTiming | Checksum: 15c9ec17d

Time (s): cpu = 00:00:25 ; elapsed = 00:00:18 . Memory (MB): peak = 4069.500 ; gain = 0.000

Phase 2.1.1.5 PBP: Add part constraints
Phase 2.1.1.5 PBP: Add part constraints | Checksum: 15c9ec17d

Time (s): cpu = 00:00:25 ; elapsed = 00:00:18 . Memory (MB): peak = 4069.500 ; gain = 0.000
Phase 2.1.1 Partition Driven Placement | Checksum: 15c9ec17d

Time (s): cpu = 00:00:25 ; elapsed = 00:00:18 . Memory (MB): peak = 4069.500 ; gain = 0.000
Phase 2.1 Floorplanning | Checksum: 1ab4c8448

Time (s): cpu = 00:00:25 ; elapsed = 00:00:18 . Memory (MB): peak = 4069.500 ; gain = 0.000

Phase 2.2 Update Timing before SLR Path Opt
Phase 2.2 Update Timing before SLR Path Opt | Checksum: 1ab4c8448

Time (s): cpu = 00:00:25 ; elapsed = 00:00:18 . Memory (MB): peak = 4069.500 ; gain = 0.000

Phase 2.3 Post-Processing in Floorplanning
Phase 2.3 Post-Processing in Floorplanning | Checksum: 1ab4c8448

Time (s): cpu = 00:00:25 ; elapsed = 00:00:18 . Memory (MB): peak = 4069.500 ; gain = 0.000

Phase 2.4 Global Placement Core

Phase 2.4.1 UpdateTiming Before Physical Synthesis
Phase 2.4.1 UpdateTiming Before Physical Synthesis | Checksum: 170c5bac2

Time (s): cpu = 00:00:50 ; elapsed = 00:00:36 . Memory (MB): peak = 4069.500 ; gain = 0.000

Phase 2.4.2 Physical Synthesis In Placer
INFO: [Physopt 32-1035] Found 0 LUTNM shape to break, 667 LUT instances to create LUTNM shape
INFO: [Physopt 32-1044] Break lutnm for timing: one critical 0, two critical 0, total 0, new lutff created 0
INFO: [Physopt 32-1138] End 1 Pass. Optimized 256 nets or LUTs. Breaked 0 LUT, combined 256 existing LUTs and moved 0 existing LUT
INFO: [Physopt 32-69] No nets found for rewiring optimization.
INFO: [Physopt 32-661] Optimized 0 net.  Re-placed 0 instance.
INFO: [Physopt 32-775] End 1 Pass. Optimized 0 net or cell. Created 0 new cell, deleted 0 existing cell and moved 0 existing cell
INFO: [Physopt 32-65] No nets found for high-fanout optimization.
INFO: [Physopt 32-232] Optimized 0 net. Created 0 new instance.
INFO: [Physopt 32-775] End 1 Pass. Optimized 0 net or cell. Created 0 new cell, deleted 0 existing cell and moved 0 existing cell
INFO: [Physopt 32-670] No setup violation found.  DSP Register Optimization was not performed.
INFO: [Physopt 32-670] No setup violation found.  Shift Register to Pipeline Optimization was not performed.
INFO: [Physopt 32-670] No setup violation found.  Shift Register Optimization was not performed.
INFO: [Physopt 32-670] No setup violation found.  BRAM Register Optimization was not performed.
INFO: [Physopt 32-670] No setup violation found.  URAM Register Optimization was not performed.
INFO: [Physopt 32-949] No candidate nets found for dynamic/static region interface net replication
INFO: [Physopt 32-775] End 1 Pass. Optimized 0 net or cell. Created 0 new cell, deleted 0 existing cell and moved 0 existing cell
Netlist sorting complete. Time (s): cpu = 00:00:00 ; elapsed = 00:00:00.019 . Memory (MB): peak = 4069.500 ; gain = 0.000

Summary of Physical Synthesis Optimizations
============================================


-----------------------------------------------------------------------------------------------------------------------------------------------------------
|  Optimization                                     |  Added Cells  |  Removed Cells  |  Optimized Cells/Nets  |  Dont Touch  |  Iterations  |  Elapsed   |
-----------------------------------------------------------------------------------------------------------------------------------------------------------
|  LUT Combining                                    |            0  |            256  |                   256  |           0  |           1  |  00:00:01  |
|  Retime                                           |            0  |              0  |                     0  |           0  |           1  |  00:00:00  |
|  Equivalent Driver Rewiring                       |            0  |              0  |                     0  |           0  |           1  |  00:00:00  |
|  Very High Fanout                                 |            0  |              0  |                     0  |           0  |           1  |  00:00:00  |
|  DSP Register                                     |            0  |              0  |                     0  |           0  |           0  |  00:00:00  |
|  Shift Register to Pipeline                       |            0  |              0  |                     0  |           0  |           0  |  00:00:00  |
|  Shift Register                                   |            0  |              0  |                     0  |           0  |           0  |  00:00:00  |
|  BRAM Register                                    |            0  |              0  |                     0  |           0  |           0  |  00:00:00  |
|  URAM Register                                    |            0  |              0  |                     0  |           0  |           0  |  00:00:00  |
|  Dynamic/Static Region Interface Net Replication  |            0  |              0  |                     0  |           0  |           1  |  00:00:00  |
|  Total                                            |            0  |            256  |                   256  |           0  |           5  |  00:00:01  |
-----------------------------------------------------------------------------------------------------------------------------------------------------------


Phase 2.4.2 Physical Synthesis In Placer | Checksum: 93d0450b

Time (s): cpu = 00:00:53 ; elapsed = 00:00:39 . Memory (MB): peak = 4069.500 ; gain = 0.000
Phase 2.4 Global Placement Core | Checksum: 10119e1a2

Time (s): cpu = 00:00:55 ; elapsed = 00:00:40 . Memory (MB): peak = 4069.500 ; gain = 0.000
Phase 2 Global Placement | Checksum: 10119e1a2

Time (s): cpu = 00:00:55 ; elapsed = 00:00:40 . Memory (MB): peak = 4069.500 ; gain = 0.000

Phase 3 Detail Placement

Phase 3.1 Commit Multi Column Macros
Phase 3.1 Commit Multi Column Macros | Checksum: 3f154943

Time (s): cpu = 00:00:57 ; elapsed = 00:00:41 . Memory (MB): peak = 4069.500 ; gain = 0.000

Phase 3.2 Commit Most Macros & LUTRAMs
Phase 3.2 Commit Most Macros & LUTRAMs | Checksum: afab5cb9

Time (s): cpu = 00:01:01 ; elapsed = 00:00:45 . Memory (MB): peak = 4069.500 ; gain = 0.000

Phase 3.3 Small Shape DP

Phase 3.3.1 Small Shape Clustering
Phase 3.3.1 Small Shape Clustering | Checksum: 10707c1a8

Time (s): cpu = 00:01:03 ; elapsed = 00:00:46 . Memory (MB): peak = 4069.500 ; gain = 0.000

Phase 3.3.2 Flow Legalize Slice Clusters
Phase 3.3.2 Flow Legalize Slice Clusters | Checksum: 7dd21219

Time (s): cpu = 00:01:03 ; elapsed = 00:00:47 . Memory (MB): peak = 4069.500 ; gain = 0.000

Phase 3.3.3 Slice Area Swap

Phase 3.3.3.1 Slice Area Swap Initial
Phase 3.3.3.1 Slice Area Swap Initial | Checksum: 6c2db74f

Time (s): cpu = 00:01:06 ; elapsed = 00:00:49 . Memory (MB): peak = 4069.500 ; gain = 0.000
Phase 3.3.3 Slice Area Swap | Checksum: 6c2db74f

Time (s): cpu = 00:01:06 ; elapsed = 00:00:49 . Memory (MB): peak = 4069.500 ; gain = 0.000
Phase 3.3 Small Shape DP | Checksum: 11c29d41b

Time (s): cpu = 00:01:11 ; elapsed = 00:00:52 . Memory (MB): peak = 4069.500 ; gain = 0.000

Phase 3.4 Re-assign LUT pins
Phase 3.4 Re-assign LUT pins | Checksum: 12fe02de1

Time (s): cpu = 00:01:13 ; elapsed = 00:00:54 . Memory (MB): peak = 4069.500 ; gain = 0.000

Phase 3.5 Pipeline Register Optimization
Phase 3.5 Pipeline Register Optimization | Checksum: 15a97f89d

Time (s): cpu = 00:01:13 ; elapsed = 00:00:55 . Memory (MB): peak = 4069.500 ; gain = 0.000
Phase 3 Detail Placement | Checksum: 15a97f89d

Time (s): cpu = 00:01:13 ; elapsed = 00:00:55 . Memory (MB): peak = 4069.500 ; gain = 0.000

Phase 4 Post Placement Optimization and Clean-Up

Phase 4.1 Post Commit Optimization
INFO: [Timing 38-35] Done setting XDC timing constraints.

Phase 4.1.1 Post Placement Optimization
Post Placement Optimization Initialization | Checksum: 1621b5158

Phase 4.1.1.1 BUFG Insertion

Starting Physical Synthesis Task

Phase 1 Physical Synthesis Initialization
INFO: [Physopt 32-721] Multithreading enabled for phys_opt_design using a maximum of 2 CPUs
INFO: [Physopt 32-619] Estimated Timing Summary | WNS=6.032 | TNS=0.000 |
Phase 1 Physical Synthesis Initialization | Checksum: 17775461b

Time (s): cpu = 00:00:01 ; elapsed = 00:00:00.628 . Memory (MB): peak = 4069.500 ; gain = 0.000
INFO: [Place 46-56] BUFG insertion identified 0 candidate nets. Inserted BUFG: 0, Replicated BUFG Driver: 0, Skipped due to Placement/Routing Conflicts: 0, Skipped due to Timing Degradation: 0, Skipped due to Illegal Netlist: 0.
Ending Physical Synthesis Task | Checksum: 19af830d3

Time (s): cpu = 00:00:01 ; elapsed = 00:00:00.916 . Memory (MB): peak = 4069.500 ; gain = 0.000
Phase 4.1.1.1 BUFG Insertion | Checksum: 1621b5158

Time (s): cpu = 00:01:26 ; elapsed = 00:01:04 . Memory (MB): peak = 4069.500 ; gain = 0.000

Phase 4.1.1.2 Post Placement Timing Optimization
INFO: [Place 30-746] Post Placement Timing Summary WNS=6.032. For the most accurate timing information please run report_timing.
Phase 4.1.1.2 Post Placement Timing Optimization | Checksum: 185112d6a

Time (s): cpu = 00:01:27 ; elapsed = 00:01:05 . Memory (MB): peak = 4069.500 ; gain = 0.000

Time (s): cpu = 00:01:27 ; elapsed = 00:01:05 . Memory (MB): peak = 4069.500 ; gain = 0.000
Phase 4.1 Post Commit Optimization | Checksum: 185112d6a

Time (s): cpu = 00:01:27 ; elapsed = 00:01:05 . Memory (MB): peak = 4069.500 ; gain = 0.000
Netlist sorting complete. Time (s): cpu = 00:00:00 ; elapsed = 00:00:00.019 . Memory (MB): peak = 4069.500 ; gain = 0.000

Phase 4.2 Post Placement Cleanup
Phase 4.2 Post Placement Cleanup | Checksum: 22a8b9090

Time (s): cpu = 00:01:31 ; elapsed = 00:01:09 . Memory (MB): peak = 4069.500 ; gain = 0.000

Phase 4.3 Placer Reporting

Phase 4.3.1 Print Estimated Congestion
INFO: [Place 30-612] Post-Placement Estimated Congestion 
 ________________________________________________________________________
|           | Global Congestion | Long Congestion   | Short Congestion  |
| Direction | Region Size       | Region Size       | Region Size       |
|___________|___________________|___________________|___________________|
|      North|                1x1|                1x1|                4x4|
|___________|___________________|___________________|___________________|
|      South|                2x2|                1x1|                4x4|
|___________|___________________|___________________|___________________|
|       East|                4x4|                1x1|                8x8|
|___________|___________________|___________________|___________________|
|       West|                2x2|                1x1|                4x4|
|___________|___________________|___________________|___________________|

Phase 4.3.1 Print Estimated Congestion | Checksum: 22a8b9090

Time (s): cpu = 00:01:32 ; elapsed = 00:01:09 . Memory (MB): peak = 4069.500 ; gain = 0.000
Phase 4.3 Placer Reporting | Checksum: 22a8b9090

Time (s): cpu = 00:01:32 ; elapsed = 00:01:10 . Memory (MB): peak = 4069.500 ; gain = 0.000

Phase 4.4 Final Placement Cleanup
Netlist sorting complete. Time (s): cpu = 00:00:00 ; elapsed = 00:00:00.032 . Memory (MB): peak = 4069.500 ; gain = 0.000

Time (s): cpu = 00:01:32 ; elapsed = 00:01:10 . Memory (MB): peak = 4069.500 ; gain = 0.000
Phase 4 Post Placement Optimization and Clean-Up | Checksum: 27a3bb9a2

Time (s): cpu = 00:01:32 ; elapsed = 00:01:10 . Memory (MB): peak = 4069.500 ; gain = 0.000
Ending Placer Task | Checksum: 208affb6d

Time (s): cpu = 00:01:32 ; elapsed = 00:01:10 . Memory (MB): peak = 4069.500 ; gain = 0.000
INFO: [Common 17-83] Releasing license: Implementation
87 Infos, 3 Warnings, 0 Critical Warnings and 0 Errors encountered.
place_design completed successfully
place_design: Time (s): cpu = 00:01:35 ; elapsed = 00:01:12 . Memory (MB): peak = 4069.500 ; gain = 0.000
INFO: [Timing 38-480] Writing timing data to binary archive.
Writing XDEF routing.
Writing XDEF routing logical nets.
Writing XDEF routing special nets.
Write XDEF Complete: Time (s): cpu = 00:00:08 ; elapsed = 00:00:03 . Memory (MB): peak = 4069.500 ; gain = 0.000
INFO: [Common 17-1381] The checkpoint 'D:/FPGA/Vivaldo Project/kr260_experiments/07_axis_dma_stream_add_one/07_axis_dma_stream_add_one.runs/impl_1/axis_dma_stream_add_one_wrapper_placed.dcp' has been generated.
write_checkpoint: Time (s): cpu = 00:00:13 ; elapsed = 00:00:09 . Memory (MB): peak = 4069.500 ; gain = 0.000
INFO: [runtcl-4] Executing : report_io -file axis_dma_stream_add_one_wrapper_io_placed.rpt
report_io: Time (s): cpu = 00:00:00 ; elapsed = 00:00:00.166 . Memory (MB): peak = 4069.500 ; gain = 0.000
INFO: [runtcl-4] Executing : report_utilization -file axis_dma_stream_add_one_wrapper_utilization_placed.rpt -pb axis_dma_stream_add_one_wrapper_utilization_placed.pb
INFO: [runtcl-4] Executing : report_control_sets -verbose -file axis_dma_stream_add_one_wrapper_control_sets_placed.rpt
report_control_sets: Time (s): cpu = 00:00:01 ; elapsed = 00:00:00.145 . Memory (MB): peak = 4069.500 ; gain = 0.000
Command: phys_opt_design
Attempting to get a license for feature 'Implementation' and/or device 'xck26'
INFO: [Common 17-349] Got license for feature 'Implementation' and/or device 'xck26'

Starting Initial Update Timing Task

Time (s): cpu = 00:00:08 ; elapsed = 00:00:05 . Memory (MB): peak = 4069.500 ; gain = 0.000
INFO: [Vivado_Tcl 4-383] Design worst setup slack (WNS) is greater than or equal to 0.000 ns. Skipping all physical synthesis optimizations.
INFO: [Vivado_Tcl 4-232] No setup violation found. The netlist was not modified.
INFO: [Common 17-83] Releasing license: Implementation
96 Infos, 3 Warnings, 0 Critical Warnings and 0 Errors encountered.
phys_opt_design completed successfully
phys_opt_design: Time (s): cpu = 00:00:08 ; elapsed = 00:00:05 . Memory (MB): peak = 4069.500 ; gain = 0.000
INFO: [Timing 38-480] Writing timing data to binary archive.
Writing XDEF routing.
Writing XDEF routing logical nets.
Writing XDEF routing special nets.
Write XDEF Complete: Time (s): cpu = 00:00:08 ; elapsed = 00:00:02 . Memory (MB): peak = 4069.500 ; gain = 0.000
INFO: [Common 17-1381] The checkpoint 'D:/FPGA/Vivaldo Project/kr260_experiments/07_axis_dma_stream_add_one/07_axis_dma_stream_add_one.runs/impl_1/axis_dma_stream_add_one_wrapper_physopt.dcp' has been generated.
write_checkpoint: Time (s): cpu = 00:00:10 ; elapsed = 00:00:06 . Memory (MB): peak = 4069.500 ; gain = 0.000
Command: route_design
Attempting to get a license for feature 'Implementation' and/or device 'xck26'
INFO: [Common 17-349] Got license for feature 'Implementation' and/or device 'xck26'
Running DRC as a precondition to command route_design
INFO: [DRC 23-27] Running DRC with 2 threads
INFO: [Vivado_Tcl 4-198] DRC finished with 0 Errors
INFO: [Vivado_Tcl 4-199] Please refer to the DRC report (report_drc) for more information.


Starting Routing Task
INFO: [Route 35-254] Multithreading enabled for route_design using a maximum of 2 CPUs

Phase 1 Build RT Design
Checksum: PlaceDB: 7218ccdb ConstDB: 0 ShapeSum: f11ccb6c RouteDB: a57a6326
Nodegraph reading from file.  Time (s): cpu = 00:00:01 ; elapsed = 00:00:01 . Memory (MB): peak = 4069.500 ; gain = 0.000
Post Restoration Checksum: NetGraph: a15ddfed NumContArr: 65877611 Constraints: 9096439e Timing: 0
Phase 1 Build RT Design | Checksum: 1977b999c

Time (s): cpu = 00:00:16 ; elapsed = 00:00:12 . Memory (MB): peak = 4069.500 ; gain = 0.000

Phase 2 Router Initialization

Phase 2.1 Fix Topology Constraints
Phase 2.1 Fix Topology Constraints | Checksum: 1977b999c

Time (s): cpu = 00:00:16 ; elapsed = 00:00:12 . Memory (MB): peak = 4069.500 ; gain = 0.000

Phase 2.2 Pre Route Cleanup
Phase 2.2 Pre Route Cleanup | Checksum: 1977b999c

Time (s): cpu = 00:00:16 ; elapsed = 00:00:13 . Memory (MB): peak = 4069.500 ; gain = 0.000

Phase 2.3 Global Clock Net Routing
 Number of Nodes with overlaps = 0
Phase 2.3 Global Clock Net Routing | Checksum: e5718c06

Time (s): cpu = 00:00:18 ; elapsed = 00:00:14 . Memory (MB): peak = 4069.500 ; gain = 0.000

Phase 2.4 Update Timing
Phase 2.4 Update Timing | Checksum: 168707d10

Time (s): cpu = 00:00:22 ; elapsed = 00:00:17 . Memory (MB): peak = 4069.500 ; gain = 0.000
INFO: [Route 35-416] Intermediate Timing Summary | WNS=6.305  | TNS=0.000  | WHS=-0.070 | THS=-115.389|


Router Utilization Summary
  Global Vertical Routing Utilization    = 0 %
  Global Horizontal Routing Utilization  = 0 %
  Routable Net Status*
  *Does not include unroutable nets such as driverless and loadless.
  Run report_route_status for detailed report.
  Number of Failed Nets               = 16845
    (Failed Nets is the sum of unrouted and partially routed nets)
  Number of Unrouted Nets             = 14133
  Number of Partially Routed Nets     = 2712
  Number of Node Overlaps             = 0

Phase 2 Router Initialization | Checksum: cc508d75

Time (s): cpu = 00:00:32 ; elapsed = 00:00:23 . Memory (MB): peak = 4069.500 ; gain = 0.000

Phase 3 Initial Routing

Phase 3.1 Global Routing
Phase 3.1 Global Routing | Checksum: cc508d75

Time (s): cpu = 00:00:32 ; elapsed = 00:00:23 . Memory (MB): peak = 4069.500 ; gain = 0.000
Phase 3 Initial Routing | Checksum: 21f37fb24

Time (s): cpu = 00:00:40 ; elapsed = 00:00:28 . Memory (MB): peak = 4069.500 ; gain = 0.000

Phase 4 Rip-up And Reroute

Phase 4.1 Global Iteration 0
 Number of Nodes with overlaps = 3624
 Number of Nodes with overlaps = 166
 Number of Nodes with overlaps = 2
 Number of Nodes with overlaps = 0
INFO: [Route 35-416] Intermediate Timing Summary | WNS=4.929  | TNS=0.000  | WHS=-0.035 | THS=-0.407 |

Phase 4.1 Global Iteration 0 | Checksum: 14a584881

Time (s): cpu = 00:01:40 ; elapsed = 00:01:13 . Memory (MB): peak = 4119.273 ; gain = 49.773

Phase 4.2 Additional Iteration for Hold
Phase 4.2 Additional Iteration for Hold | Checksum: 1c18a8ba7

Time (s): cpu = 00:01:40 ; elapsed = 00:01:13 . Memory (MB): peak = 4119.273 ; gain = 49.773
Phase 4 Rip-up And Reroute | Checksum: 1c18a8ba7

Time (s): cpu = 00:01:40 ; elapsed = 00:01:14 . Memory (MB): peak = 4119.273 ; gain = 49.773

Phase 5 Delay and Skew Optimization

Phase 5.1 Delay CleanUp

Phase 5.1.1 Update Timing
Phase 5.1.1 Update Timing | Checksum: 17b798908

Time (s): cpu = 00:01:46 ; elapsed = 00:01:17 . Memory (MB): peak = 4119.273 ; gain = 49.773
INFO: [Route 35-416] Intermediate Timing Summary | WNS=4.929  | TNS=0.000  | WHS=-0.012 | THS=-0.012 |


Phase 5.1.2 Update Timing
Phase 5.1.2 Update Timing | Checksum: 1b0d28c57

Time (s): cpu = 00:01:49 ; elapsed = 00:01:19 . Memory (MB): peak = 4119.273 ; gain = 49.773
INFO: [Route 35-416] Intermediate Timing Summary | WNS=4.929  | TNS=0.000  | WHS=-0.012 | THS=-0.012 |

Phase 5.1 Delay CleanUp | Checksum: 1b0d28c57

Time (s): cpu = 00:01:49 ; elapsed = 00:01:19 . Memory (MB): peak = 4119.273 ; gain = 49.773

Phase 5.2 Clock Skew Optimization
Phase 5.2 Clock Skew Optimization | Checksum: 1b0d28c57

Time (s): cpu = 00:01:49 ; elapsed = 00:01:20 . Memory (MB): peak = 4119.273 ; gain = 49.773
Phase 5 Delay and Skew Optimization | Checksum: 1b0d28c57

Time (s): cpu = 00:01:50 ; elapsed = 00:01:20 . Memory (MB): peak = 4119.273 ; gain = 49.773

Phase 6 Post Hold Fix

Phase 6.1 Hold Fix Iter

Phase 6.1.1 Update Timing
Phase 6.1.1 Update Timing | Checksum: 1cc3aac64

Time (s): cpu = 00:01:53 ; elapsed = 00:01:22 . Memory (MB): peak = 4119.273 ; gain = 49.773
INFO: [Route 35-416] Intermediate Timing Summary | WNS=4.929  | TNS=0.000  | WHS=-0.012 | THS=-0.012 |

Phase 6.1 Hold Fix Iter | Checksum: 1e2548c8f

Time (s): cpu = 00:01:53 ; elapsed = 00:01:22 . Memory (MB): peak = 4119.273 ; gain = 49.773
Phase 6 Post Hold Fix | Checksum: 1f10adcd6

Time (s): cpu = 00:01:53 ; elapsed = 00:01:22 . Memory (MB): peak = 4119.273 ; gain = 49.773

Phase 7 Route finalize

Router Utilization Summary
  Global Vertical Routing Utilization    = 1.6422 %
  Global Horizontal Routing Utilization  = 1.95656 %
  Routable Net Status*
  *Does not include unroutable nets such as driverless and loadless.
  Run report_route_status for detailed report.
  Number of Failed Nets               = 0
    (Failed Nets is the sum of unrouted and partially routed nets)
  Number of Unrouted Nets             = 0
  Number of Partially Routed Nets     = 0
  Number of Node Overlaps             = 0

Phase 7 Route finalize | Checksum: 1f79f3021

Time (s): cpu = 00:01:54 ; elapsed = 00:01:23 . Memory (MB): peak = 4119.273 ; gain = 49.773

Phase 8 Verifying routed nets

 Verification completed successfully
Phase 8 Verifying routed nets | Checksum: 1f79f3021

Time (s): cpu = 00:01:54 ; elapsed = 00:01:23 . Memory (MB): peak = 4119.273 ; gain = 49.773

Phase 9 Depositing Routes
Phase 9 Depositing Routes | Checksum: 1f79f3021

Time (s): cpu = 00:01:56 ; elapsed = 00:01:26 . Memory (MB): peak = 4119.273 ; gain = 49.773

Phase 10 Resolve XTalk
Phase 10 Resolve XTalk | Checksum: 1f79f3021

Time (s): cpu = 00:01:56 ; elapsed = 00:01:26 . Memory (MB): peak = 4119.273 ; gain = 49.773

Phase 11 Post Router Timing

Phase 11.1 Update Timing
Phase 11.1 Update Timing | Checksum: 27dd5e3cc

Time (s): cpu = 00:02:00 ; elapsed = 00:01:28 . Memory (MB): peak = 4119.273 ; gain = 49.773
INFO: [Route 35-57] Estimated Timing Summary | WNS=4.929  | TNS=0.000  | WHS=0.010  | THS=0.000  |

INFO: [Route 35-327] The final timing numbers are based on the router estimated timing analysis. For a complete and accurate timing signoff, please run report_timing_summary.
Phase 11 Post Router Timing | Checksum: 27dd5e3cc

Time (s): cpu = 00:02:00 ; elapsed = 00:01:28 . Memory (MB): peak = 4119.273 ; gain = 49.773
Time taken to check if laguna hold fix is required (in secs): 0
Skip PhysOpt in Router because non-negative WNS value: 4.94531e-09 .
INFO: [Route 35-16] Router Completed Successfully

Time (s): cpu = 00:02:08 ; elapsed = 00:01:33 . Memory (MB): peak = 4119.273 ; gain = 49.773

Routing Is Done.
INFO: [Common 17-83] Releasing license: Implementation
112 Infos, 3 Warnings, 0 Critical Warnings and 0 Errors encountered.
route_design completed successfully
route_design: Time (s): cpu = 00:02:15 ; elapsed = 00:01:37 . Memory (MB): peak = 4119.273 ; gain = 49.773
INFO: [Timing 38-480] Writing timing data to binary archive.
Writing XDEF routing.
Writing XDEF routing logical nets.
Writing XDEF routing special nets.
Write XDEF Complete: Time (s): cpu = 00:00:07 ; elapsed = 00:00:03 . Memory (MB): peak = 4119.273 ; gain = 0.000
INFO: [Common 17-1381] The checkpoint 'D:/FPGA/Vivaldo Project/kr260_experiments/07_axis_dma_stream_add_one/07_axis_dma_stream_add_one.runs/impl_1/axis_dma_stream_add_one_wrapper_routed.dcp' has been generated.
write_checkpoint: Time (s): cpu = 00:00:12 ; elapsed = 00:00:08 . Memory (MB): peak = 4119.273 ; gain = 0.000
INFO: [runtcl-4] Executing : report_drc -file axis_dma_stream_add_one_wrapper_drc_routed.rpt -pb axis_dma_stream_add_one_wrapper_drc_routed.pb -rpx axis_dma_stream_add_one_wrapper_drc_routed.rpx
Command: report_drc -file axis_dma_stream_add_one_wrapper_drc_routed.rpt -pb axis_dma_stream_add_one_wrapper_drc_routed.pb -rpx axis_dma_stream_add_one_wrapper_drc_routed.rpx
INFO: [IP_Flow 19-1839] IP Catalog is up to date.
INFO: [DRC 23-27] Running DRC with 2 threads
INFO: [Vivado_Tcl 2-168] The results of DRC are in file D:/FPGA/Vivaldo Project/kr260_experiments/07_axis_dma_stream_add_one/07_axis_dma_stream_add_one.runs/impl_1/axis_dma_stream_add_one_wrapper_drc_routed.rpt.
report_drc completed successfully
INFO: [runtcl-4] Executing : report_methodology -file axis_dma_stream_add_one_wrapper_methodology_drc_routed.rpt -pb axis_dma_stream_add_one_wrapper_methodology_drc_routed.pb -rpx axis_dma_stream_add_one_wrapper_methodology_drc_routed.rpx
Command: report_methodology -file axis_dma_stream_add_one_wrapper_methodology_drc_routed.rpt -pb axis_dma_stream_add_one_wrapper_methodology_drc_routed.pb -rpx axis_dma_stream_add_one_wrapper_methodology_drc_routed.rpx
INFO: [Timing 38-35] Done setting XDC timing constraints.
INFO: [DRC 23-133] Running Methodology with 2 threads
INFO: [Vivado_Tcl 2-1520] The results of Report Methodology are in file D:/FPGA/Vivaldo Project/kr260_experiments/07_axis_dma_stream_add_one/07_axis_dma_stream_add_one.runs/impl_1/axis_dma_stream_add_one_wrapper_methodology_drc_routed.rpt.
report_methodology completed successfully
report_methodology: Time (s): cpu = 00:00:10 ; elapsed = 00:00:06 . Memory (MB): peak = 4119.273 ; gain = 0.000
INFO: [runtcl-4] Executing : report_power -file axis_dma_stream_add_one_wrapper_power_routed.rpt -pb axis_dma_stream_add_one_wrapper_power_summary_routed.pb -rpx axis_dma_stream_add_one_wrapper_power_routed.rpx
Command: report_power -file axis_dma_stream_add_one_wrapper_power_routed.rpt -pb axis_dma_stream_add_one_wrapper_power_summary_routed.pb -rpx axis_dma_stream_add_one_wrapper_power_routed.rpx
INFO: [Timing 38-35] Done setting XDC timing constraints.
Running Vector-less Activity Propagation...

Finished Running Vector-less Activity Propagation
WARNING: [Power 33-332] Found switching activity that implies high-fanout reset nets being asserted for excessive periods of time which may result in inaccurate power analysis.
Resolution: To review and fix problems, please run Power Constraints Advisor in the GUI from Tools > Power Constraints Advisor or run report_power with the -advisory option to generate a text report.
124 Infos, 4 Warnings, 0 Critical Warnings and 0 Errors encountered.
report_power completed successfully
report_power: Time (s): cpu = 00:00:18 ; elapsed = 00:00:13 . Memory (MB): peak = 4119.273 ; gain = 0.000
INFO: [runtcl-4] Executing : report_route_status -file axis_dma_stream_add_one_wrapper_route_status.rpt -pb axis_dma_stream_add_one_wrapper_route_status.pb
INFO: [runtcl-4] Executing : report_timing_summary -max_paths 10 -report_unconstrained -file axis_dma_stream_add_one_wrapper_timing_summary_routed.rpt -pb axis_dma_stream_add_one_wrapper_timing_summary_routed.pb -rpx axis_dma_stream_add_one_wrapper_timing_summary_routed.rpx -warn_on_violation 
INFO: [Timing 38-91] UpdateTimingParams: Speed grade: -2LV, Temperature grade: C, Delay Type: min_max.
INFO: [Timing 38-191] Multithreading enabled for timing update using a maximum of 2 CPUs
INFO: [runtcl-4] Executing : report_incremental_reuse -file axis_dma_stream_add_one_wrapper_incremental_reuse_routed.rpt
INFO: [Vivado_Tcl 4-1062] Incremental flow is disabled. No incremental reuse Info to report.
INFO: [runtcl-4] Executing : report_clock_utilization -file axis_dma_stream_add_one_wrapper_clock_utilization_routed.rpt
report_clock_utilization: Time (s): cpu = 00:00:05 ; elapsed = 00:00:05 . Memory (MB): peak = 4119.273 ; gain = 0.000
INFO: [runtcl-4] Executing : report_bus_skew -warn_on_violation -file axis_dma_stream_add_one_wrapper_bus_skew_routed.rpt -pb axis_dma_stream_add_one_wrapper_bus_skew_routed.pb -rpx axis_dma_stream_add_one_wrapper_bus_skew_routed.rpx
INFO: [Timing 38-91] UpdateTimingParams: Speed grade: -2LV, Temperature grade: C, Delay Type: min_max.
INFO: [Timing 38-191] Multithreading enabled for timing update using a maximum of 2 CPUs

WARNING::74 - Unsupported FPGA device name 'xck26-sfvc784-2LV-c'. Verify that the specified device is a valid customer supported device.
-p xck26-sfvc784-2LV-c
   ^

INFO: [Memdata 28-167] Found XPM memory block axis_dma_stream_add_one_i/smartconnect_0/inst/s02_nodes/s02_w_node/inst/inst_mi_handler/gen_normal_area.inst_fifo_node_payld/gen_xpm_memory_fifo.inst_fifo/gen_mem_rep[0].inst_xpm_memory/xpm_memory_base_inst with a P_MEMORY_PRIMITIVE property set to distributed. A value of block is required. You will not be able to use the updatemem program to update the bitstream with new data for the axis_dma_stream_add_one_i/smartconnect_0/inst/s02_nodes/s02_w_node/inst/inst_mi_handler/gen_normal_area.inst_fifo_node_payld/gen_xpm_memory_fifo.inst_fifo/gen_mem_rep[0].inst_xpm_memory/xpm_memory_base_inst block.
INFO: [Memdata 28-167] Found XPM memory block axis_dma_stream_add_one_i/smartconnect_0/inst/s02_nodes/s02_w_node/inst/inst_mi_handler/gen_normal_area.gen_fifo_req.inst_fifo_req/gen_xpm_memory_fifo.inst_fifo/gen_mem_rep[0].inst_xpm_memory/xpm_memory_base_inst with a P_MEMORY_PRIMITIVE property set to distributed. A value of block is required. You will not be able to use the updatemem program to update the bitstream with new data for the axis_dma_stream_add_one_i/smartconnect_0/inst/s02_nodes/s02_w_node/inst/inst_mi_handler/gen_normal_area.gen_fifo_req.inst_fifo_req/gen_xpm_memory_fifo.inst_fifo/gen_mem_rep[0].inst_xpm_memory/xpm_memory_base_inst block.
INFO: [Memdata 28-167] Found XPM memory block axis_dma_stream_add_one_i/smartconnect_0/inst/s02_nodes/s02_b_node/inst/inst_mi_handler/gen_normal_area.inst_fifo_node_payld/gen_xpm_memory_fifo.inst_fifo/gen_mem_rep[0].inst_xpm_memory/xpm_memory_base_inst with a P_MEMORY_PRIMITIVE property set to distributed. A value of block is required. You will not be able to use the updatemem program to update the bitstream with new data for the axis_dma_stream_add_one_i/smartconnect_0/inst/s02_nodes/s02_b_node/inst/inst_mi_handler/gen_normal_area.inst_fifo_node_payld/gen_xpm_memory_fifo.inst_fifo/gen_mem_rep[0].inst_xpm_memory/xpm_memory_base_inst block.
INFO: [Memdata 28-167] Found XPM memory block axis_dma_stream_add_one_i/smartconnect_0/inst/s02_nodes/s02_aw_node/inst/inst_mi_handler/gen_normal_area.inst_fifo_node_payld/gen_xpm_memory_fifo.inst_fifo/gen_mem_rep[0].inst_xpm_memory/xpm_memory_base_inst with a P_MEMORY_PRIMITIVE property set to distributed. A value of block is required. You will not be able to use the updatemem program to update the bitstream with new data for the axis_dma_stream_add_one_i/smartconnect_0/inst/s02_nodes/s02_aw_node/inst/inst_mi_handler/gen_normal_area.inst_fifo_node_payld/gen_xpm_memory_fifo.inst_fifo/gen_mem_rep[0].inst_xpm_memory/xpm_memory_base_inst block.
INFO: [Memdata 28-167] Found XPM memory block axis_dma_stream_add_one_i/smartconnect_0/inst/s02_nodes/s02_aw_node/inst/inst_mi_handler/gen_normal_area.gen_fifo_req.inst_fifo_req/gen_xpm_memory_fifo.inst_fifo/gen_mem_rep[0].inst_xpm_memory/xpm_memory_base_inst with a P_MEMORY_PRIMITIVE property set to distributed. A value of block is required. You will not be able to use the updatemem program to update the bitstream with new data for the axis_dma_stream_add_one_i/smartconnect_0/inst/s02_nodes/s02_aw_node/inst/inst_mi_handler/gen_normal_area.gen_fifo_req.inst_fifo_req/gen_xpm_memory_fifo.inst_fifo/gen_mem_rep[0].inst_xpm_memory/xpm_memory_base_inst block.
INFO: [Memdata 28-167] Found XPM memory block axis_dma_stream_add_one_i/smartconnect_0/inst/s01_nodes/s01_r_node/inst/inst_mi_handler/gen_normal_area.inst_fifo_node_payld/gen_xpm_memory_fifo.inst_fifo/gen_mem_rep[0].inst_xpm_memory/xpm_memory_base_inst with a P_MEMORY_PRIMITIVE property set to distributed. A value of block is required. You will not be able to use the updatemem program to update the bitstream with new data for the axis_dma_stream_add_one_i/smartconnect_0/inst/s01_nodes/s01_r_node/inst/inst_mi_handler/gen_normal_area.inst_fifo_node_payld/gen_xpm_memory_fifo.inst_fifo/gen_mem_rep[0].inst_xpm_memory/xpm_memory_base_inst block.
INFO: [Memdata 28-167] Found XPM memory block axis_dma_stream_add_one_i/smartconnect_0/inst/s01_nodes/s01_ar_node/inst/inst_mi_handler/gen_normal_area.inst_fifo_node_payld/gen_xpm_memory_fifo.inst_fifo/gen_mem_rep[0].inst_xpm_memory/xpm_memory_base_inst with a P_MEMORY_PRIMITIVE property set to distributed. A value of block is required. You will not be able to use the updatemem program to update the bitstream with new data for the axis_dma_stream_add_one_i/smartconnect_0/inst/s01_nodes/s01_ar_node/inst/inst_mi_handler/gen_normal_area.inst_fifo_node_payld/gen_xpm_memory_fifo.inst_fifo/gen_mem_rep[0].inst_xpm_memory/xpm_memory_base_inst block.
INFO: [Memdata 28-167] Found XPM memory block axis_dma_stream_add_one_i/smartconnect_0/inst/s01_nodes/s01_ar_node/inst/inst_mi_handler/gen_normal_area.gen_fifo_req.inst_fifo_req/gen_xpm_memory_fifo.inst_fifo/gen_mem_rep[0].inst_xpm_memory/xpm_memory_base_inst with a P_MEMORY_PRIMITIVE property set to distributed. A value of block is required. You will not be able to use the updatemem program to update the bitstream with new data for the axis_dma_stream_add_one_i/smartconnect_0/inst/s01_nodes/s01_ar_node/inst/inst_mi_handler/gen_normal_area.gen_fifo_req.inst_fifo_req/gen_xpm_memory_fifo.inst_fifo/gen_mem_rep[0].inst_xpm_memory/xpm_memory_base_inst block.
INFO: [Memdata 28-167] Found XPM memory block axis_dma_stream_add_one_i/smartconnect_0/inst/s00_nodes/s00_w_node/inst/inst_mi_handler/gen_normal_area.inst_fifo_node_payld/gen_xpm_memory_fifo.inst_fifo/gen_mem_rep[0].inst_xpm_memory/xpm_memory_base_inst with a P_MEMORY_PRIMITIVE property set to distributed. A value of block is required. You will not be able to use the updatemem program to update the bitstream with new data for the axis_dma_stream_add_one_i/smartconnect_0/inst/s00_nodes/s00_w_node/inst/inst_mi_handler/gen_normal_area.inst_fifo_node_payld/gen_xpm_memory_fifo.inst_fifo/gen_mem_rep[0].inst_xpm_memory/xpm_memory_base_inst block.
INFO: [Memdata 28-167] Found XPM memory block axis_dma_stream_add_one_i/smartconnect_0/inst/s00_nodes/s00_w_node/inst/inst_mi_handler/gen_normal_area.gen_fifo_req.inst_fifo_req/gen_xpm_memory_fifo.inst_fifo/gen_mem_rep[0].inst_xpm_memory/xpm_memory_base_inst with a P_MEMORY_PRIMITIVE property set to distributed. A value of block is required. You will not be able to use the updatemem program to update the bitstream with new data for the axis_dma_stream_add_one_i/smartconnect_0/inst/s00_nodes/s00_w_node/inst/inst_mi_handler/gen_normal_area.gen_fifo_req.inst_fifo_req/gen_xpm_memory_fifo.inst_fifo/gen_mem_rep[0].inst_xpm_memory/xpm_memory_base_inst block.
INFO: [Memdata 28-167] Found XPM memory block axis_dma_stream_add_one_i/smartconnect_0/inst/s00_nodes/s00_r_node/inst/inst_mi_handler/gen_normal_area.inst_fifo_node_payld/gen_xpm_memory_fifo.inst_fifo/gen_mem_rep[0].inst_xpm_memory/xpm_memory_base_inst with a P_MEMORY_PRIMITIVE property set to distributed. A value of block is required. You will not be able to use the updatemem program to update the bitstream with new data for the axis_dma_stream_add_one_i/smartconnect_0/inst/s00_nodes/s00_r_node/inst/inst_mi_handler/gen_normal_area.inst_fifo_node_payld/gen_xpm_memory_fifo.inst_fifo/gen_mem_rep[0].inst_xpm_memory/xpm_memory_base_inst block.
INFO: [Memdata 28-167] Found XPM memory block axis_dma_stream_add_one_i/smartconnect_0/inst/s00_nodes/s00_b_node/inst/inst_mi_handler/gen_normal_area.inst_fifo_node_payld/gen_xpm_memory_fifo.inst_fifo/gen_mem_rep[0].inst_xpm_memory/xpm_memory_base_inst with a P_MEMORY_PRIMITIVE property set to distributed. A value of block is required. You will not be able to use the updatemem program to update the bitstream with new data for the axis_dma_stream_add_one_i/smartconnect_0/inst/s00_nodes/s00_b_node/inst/inst_mi_handler/gen_normal_area.inst_fifo_node_payld/gen_xpm_memory_fifo.inst_fifo/gen_mem_rep[0].inst_xpm_memory/xpm_memory_base_inst block.
INFO: [Memdata 28-167] Found XPM memory block axis_dma_stream_add_one_i/smartconnect_0/inst/s00_nodes/s00_aw_node/inst/inst_mi_handler/gen_normal_area.inst_fifo_node_payld/gen_xpm_memory_fifo.inst_fifo/gen_mem_rep[0].inst_xpm_memory/xpm_memory_base_inst with a P_MEMORY_PRIMITIVE property set to distributed. A value of block is required. You will not be able to use the updatemem program to update the bitstream with new data for the axis_dma_stream_add_one_i/smartconnect_0/inst/s00_nodes/s00_aw_node/inst/inst_mi_handler/gen_normal_area.inst_fifo_node_payld/gen_xpm_memory_fifo.inst_fifo/gen_mem_rep[0].inst_xpm_memory/xpm_memory_base_inst block.
INFO: [Memdata 28-167] Found XPM memory block axis_dma_stream_add_one_i/smartconnect_0/inst/s00_nodes/s00_aw_node/inst/inst_mi_handler/gen_normal_area.gen_fifo_req.inst_fifo_req/gen_xpm_memory_fifo.inst_fifo/gen_mem_rep[0].inst_xpm_memory/xpm_memory_base_inst with a P_MEMORY_PRIMITIVE property set to distributed. A value of block is required. You will not be able to use the updatemem program to update the bitstream with new data for the axis_dma_stream_add_one_i/smartconnect_0/inst/s00_nodes/s00_aw_node/inst/inst_mi_handler/gen_normal_area.gen_fifo_req.inst_fifo_req/gen_xpm_memory_fifo.inst_fifo/gen_mem_rep[0].inst_xpm_memory/xpm_memory_base_inst block.
INFO: [Memdata 28-167] Found XPM memory block axis_dma_stream_add_one_i/smartconnect_0/inst/s00_nodes/s00_ar_node/inst/inst_mi_handler/gen_normal_area.inst_fifo_node_payld/gen_xpm_memory_fifo.inst_fifo/gen_mem_rep[0].inst_xpm_memory/xpm_memory_base_inst with a P_MEMORY_PRIMITIVE property set to distributed. A value of block is required. You will not be able to use the updatemem program to update the bitstream with new data for the axis_dma_stream_add_one_i/smartconnect_0/inst/s00_nodes/s00_ar_node/inst/inst_mi_handler/gen_normal_area.inst_fifo_node_payld/gen_xpm_memory_fifo.inst_fifo/gen_mem_rep[0].inst_xpm_memory/xpm_memory_base_inst block.
INFO: [Memdata 28-167] Found XPM memory block axis_dma_stream_add_one_i/smartconnect_0/inst/s00_nodes/s00_ar_node/inst/inst_mi_handler/gen_normal_area.gen_fifo_req.inst_fifo_req/gen_xpm_memory_fifo.inst_fifo/gen_mem_rep[0].inst_xpm_memory/xpm_memory_base_inst with a P_MEMORY_PRIMITIVE property set to distributed. A value of block is required. You will not be able to use the updatemem program to update the bitstream with new data for the axis_dma_stream_add_one_i/smartconnect_0/inst/s00_nodes/s00_ar_node/inst/inst_mi_handler/gen_normal_area.gen_fifo_req.inst_fifo_req/gen_xpm_memory_fifo.inst_fifo/gen_mem_rep[0].inst_xpm_memory/xpm_memory_base_inst block.
INFO: [Memdata 28-167] Found XPM memory block axis_dma_stream_add_one_i/smartconnect_0/inst/m01_nodes/m01_w_node/inst/inst_si_handler/gen_si_handler.gen_request_fifos.gen_req_fifo[0].inst_req_fifo/gen_xpm_memory_fifo.inst_fifo/gen_mem_rep[0].inst_xpm_memory/xpm_memory_base_inst with a P_MEMORY_PRIMITIVE property set to distributed. A value of block is required. You will not be able to use the updatemem program to update the bitstream with new data for the axis_dma_stream_add_one_i/smartconnect_0/inst/m01_nodes/m01_w_node/inst/inst_si_handler/gen_si_handler.gen_request_fifos.gen_req_fifo[0].inst_req_fifo/gen_xpm_memory_fifo.inst_fifo/gen_mem_rep[0].inst_xpm_memory/xpm_memory_base_inst block.
INFO: [Memdata 28-167] Found XPM memory block axis_dma_stream_add_one_i/smartconnect_0/inst/m01_nodes/m01_w_node/inst/inst_mi_handler/gen_normal_area.inst_fifo_node_payld/gen_xpm_memory_fifo.inst_fifo/gen_mem_rep[0].inst_xpm_memory/xpm_memory_base_inst with a P_MEMORY_PRIMITIVE property set to distributed. A value of block is required. You will not be able to use the updatemem program to update the bitstream with new data for the axis_dma_stream_add_one_i/smartconnect_0/inst/m01_nodes/m01_w_node/inst/inst_mi_handler/gen_normal_area.inst_fifo_node_payld/gen_xpm_memory_fifo.inst_fifo/gen_mem_rep[0].inst_xpm_memory/xpm_memory_base_inst block.
INFO: [Memdata 28-167] Found XPM memory block axis_dma_stream_add_one_i/smartconnect_0/inst/m01_nodes/m01_r_node/inst/inst_mi_handler/gen_normal_area.inst_fifo_node_payld/gen_xpm_memory_fifo.inst_fifo/gen_mem_rep[0].inst_xpm_memory/xpm_memory_base_inst with a P_MEMORY_PRIMITIVE property set to distributed. A value of block is required. You will not be able to use the updatemem program to update the bitstream with new data for the axis_dma_stream_add_one_i/smartconnect_0/inst/m01_nodes/m01_r_node/inst/inst_mi_handler/gen_normal_area.inst_fifo_node_payld/gen_xpm_memory_fifo.inst_fifo/gen_mem_rep[0].inst_xpm_memory/xpm_memory_base_inst block.
INFO: [Memdata 28-167] Found XPM memory block axis_dma_stream_add_one_i/smartconnect_0/inst/m01_nodes/m01_r_node/inst/inst_mi_handler/gen_normal_area.gen_fifo_req.inst_fifo_req/gen_xpm_memory_fifo.inst_fifo/gen_mem_rep[0].inst_xpm_memory/xpm_memory_base_inst with a P_MEMORY_PRIMITIVE property set to distributed. A value of block is required. You will not be able to use the updatemem program to update the bitstream with new data for the axis_dma_stream_add_one_i/smartconnect_0/inst/m01_nodes/m01_r_node/inst/inst_mi_handler/gen_normal_area.gen_fifo_req.inst_fifo_req/gen_xpm_memory_fifo.inst_fifo/gen_mem_rep[0].inst_xpm_memory/xpm_memory_base_inst block.
INFO: [Memdata 28-167] Found XPM memory block axis_dma_stream_add_one_i/smartconnect_0/inst/m01_nodes/m01_b_node/inst/inst_mi_handler/gen_normal_area.inst_fifo_node_payld/gen_xpm_memory_fifo.inst_fifo/gen_mem_rep[0].inst_xpm_memory/xpm_memory_base_inst with a P_MEMORY_PRIMITIVE property set to distributed. A value of block is required. You will not be able to use the updatemem program to update the bitstream with new data for the axis_dma_stream_add_one_i/smartconnect_0/inst/m01_nodes/m01_b_node/inst/inst_mi_handler/gen_normal_area.inst_fifo_node_payld/gen_xpm_memory_fifo.inst_fifo/gen_mem_rep[0].inst_xpm_memory/xpm_memory_base_inst block.
INFO: [Memdata 28-167] Found XPM memory block axis_dma_stream_add_one_i/smartconnect_0/inst/m01_nodes/m01_b_node/inst/inst_mi_handler/gen_normal_area.gen_fifo_req.inst_fifo_req/gen_xpm_memory_fifo.inst_fifo/gen_mem_rep[0].inst_xpm_memory/xpm_memory_base_inst with a P_MEMORY_PRIMITIVE property set to distributed. A value of block is required. You will not be able to use the updatemem program to update the bitstream with new data for the axis_dma_stream_add_one_i/smartconnect_0/inst/m01_nodes/m01_b_node/inst/inst_mi_handler/gen_normal_area.gen_fifo_req.inst_fifo_req/gen_xpm_memory_fifo.inst_fifo/gen_mem_rep[0].inst_xpm_memory/xpm_memory_base_inst block.
INFO: [Memdata 28-167] Found XPM memory block axis_dma_stream_add_one_i/smartconnect_0/inst/m01_nodes/m01_aw_node/inst/inst_mi_handler/gen_normal_area.inst_fifo_node_payld/gen_xpm_memory_fifo.inst_fifo/gen_mem_rep[0].inst_xpm_memory/xpm_memory_base_inst with a P_MEMORY_PRIMITIVE property set to distributed. A value of block is required. You will not be able to use the updatemem program to update the bitstream with new data for the axis_dma_stream_add_one_i/smartconnect_0/inst/m01_nodes/m01_aw_node/inst/inst_mi_handler/gen_normal_area.inst_fifo_node_payld/gen_xpm_memory_fifo.inst_fifo/gen_mem_rep[0].inst_xpm_memory/xpm_memory_base_inst block.
INFO: [Memdata 28-167] Found XPM memory block axis_dma_stream_add_one_i/smartconnect_0/inst/m01_nodes/m01_ar_node/inst/inst_mi_handler/gen_normal_area.inst_fifo_node_payld/gen_xpm_memory_fifo.inst_fifo/gen_mem_rep[0].inst_xpm_memory/xpm_memory_base_inst with a P_MEMORY_PRIMITIVE property set to distributed. A value of block is required. You will not be able to use the updatemem program to update the bitstream with new data for the axis_dma_stream_add_one_i/smartconnect_0/inst/m01_nodes/m01_ar_node/inst/inst_mi_handler/gen_normal_area.inst_fifo_node_payld/gen_xpm_memory_fifo.inst_fifo/gen_mem_rep[0].inst_xpm_memory/xpm_memory_base_inst block.
INFO: [Memdata 28-167] Found XPM memory block axis_dma_stream_add_one_i/smartconnect_0/inst/m00_nodes/m00_w_node/inst/inst_si_handler/gen_si_handler.gen_request_fifos.gen_req_fifo[2].inst_req_fifo/gen_xpm_memory_fifo.inst_fifo/gen_mem_rep[0].inst_xpm_memory/xpm_memory_base_inst with a P_MEMORY_PRIMITIVE property set to distributed. A value of block is required. You will not be able to use the updatemem program to update the bitstream with new data for the axis_dma_stream_add_one_i/smartconnect_0/inst/m00_nodes/m00_w_node/inst/inst_si_handler/gen_si_handler.gen_request_fifos.gen_req_fifo[2].inst_req_fifo/gen_xpm_memory_fifo.inst_fifo/gen_mem_rep[0].inst_xpm_memory/xpm_memory_base_inst block.
INFO: [Memdata 28-167] Found XPM memory block axis_dma_stream_add_one_i/smartconnect_0/inst/m00_nodes/m00_w_node/inst/inst_si_handler/gen_si_handler.gen_request_fifos.gen_req_fifo[0].inst_req_fifo/gen_xpm_memory_fifo.inst_fifo/gen_mem_rep[0].inst_xpm_memory/xpm_memory_base_inst with a P_MEMORY_PRIMITIVE property set to distributed. A value of block is required. You will not be able to use the updatemem program to update the bitstream with new data for the axis_dma_stream_add_one_i/smartconnect_0/inst/m00_nodes/m00_w_node/inst/inst_si_handler/gen_si_handler.gen_request_fifos.gen_req_fifo[0].inst_req_fifo/gen_xpm_memory_fifo.inst_fifo/gen_mem_rep[0].inst_xpm_memory/xpm_memory_base_inst block.
INFO: [Memdata 28-167] Found XPM memory block axis_dma_stream_add_one_i/smartconnect_0/inst/m00_nodes/m00_w_node/inst/inst_mi_handler/gen_normal_area.inst_fifo_node_payld/gen_xpm_memory_fifo.inst_fifo/gen_mem_rep[0].inst_xpm_memory/xpm_memory_base_inst with a P_MEMORY_PRIMITIVE property set to distributed. A value of block is required. You will not be able to use the updatemem program to update the bitstream with new data for the axis_dma_stream_add_one_i/smartconnect_0/inst/m00_nodes/m00_w_node/inst/inst_mi_handler/gen_normal_area.inst_fifo_node_payld/gen_xpm_memory_fifo.inst_fifo/gen_mem_rep[0].inst_xpm_memory/xpm_memory_base_inst block.
INFO: [Memdata 28-167] Found XPM memory block axis_dma_stream_add_one_i/smartconnect_0/inst/m00_nodes/m00_r_node/inst/inst_mi_handler/gen_normal_area.inst_fifo_node_payld/gen_xpm_memory_fifo.inst_fifo/gen_mem_rep[0].inst_xpm_memory/xpm_memory_base_inst with a P_MEMORY_PRIMITIVE property set to distributed. A value of block is required. You will not be able to use the updatemem program to update the bitstream with new data for the axis_dma_stream_add_one_i/smartconnect_0/inst/m00_nodes/m00_r_node/inst/inst_mi_handler/gen_normal_area.inst_fifo_node_payld/gen_xpm_memory_fifo.inst_fifo/gen_mem_rep[0].inst_xpm_memory/xpm_memory_base_inst block.
INFO: [Memdata 28-167] Found XPM memory block axis_dma_stream_add_one_i/smartconnect_0/inst/m00_nodes/m00_r_node/inst/inst_mi_handler/gen_normal_area.gen_fifo_req.inst_fifo_req/gen_xpm_memory_fifo.inst_fifo/gen_mem_rep[0].inst_xpm_memory/xpm_memory_base_inst with a P_MEMORY_PRIMITIVE property set to distributed. A value of block is required. You will not be able to use the updatemem program to update the bitstream with new data for the axis_dma_stream_add_one_i/smartconnect_0/inst/m00_nodes/m00_r_node/inst/inst_mi_handler/gen_normal_area.gen_fifo_req.inst_fifo_req/gen_xpm_memory_fifo.inst_fifo/gen_mem_rep[0].inst_xpm_memory/xpm_memory_base_inst block.
INFO: [Memdata 28-167] Found XPM memory block axis_dma_stream_add_one_i/smartconnect_0/inst/m00_nodes/m00_b_node/inst/inst_mi_handler/gen_normal_area.inst_fifo_node_payld/gen_xpm_memory_fifo.inst_fifo/gen_mem_rep[0].inst_xpm_memory/xpm_memory_base_inst with a P_MEMORY_PRIMITIVE property set to distributed. A value of block is required. You will not be able to use the updatemem program to update the bitstream with new data for the axis_dma_stream_add_one_i/smartconnect_0/inst/m00_nodes/m00_b_node/inst/inst_mi_handler/gen_normal_area.inst_fifo_node_payld/gen_xpm_memory_fifo.inst_fifo/gen_mem_rep[0].inst_xpm_memory/xpm_memory_base_inst block.
INFO: [Memdata 28-167] Found XPM memory block axis_dma_stream_add_one_i/smartconnect_0/inst/m00_nodes/m00_b_node/inst/inst_mi_handler/gen_normal_area.gen_fifo_req.inst_fifo_req/gen_xpm_memory_fifo.inst_fifo/gen_mem_rep[0].inst_xpm_memory/xpm_memory_base_inst with a P_MEMORY_PRIMITIVE property set to distributed. A value of block is required. You will not be able to use the updatemem program to update the bitstream with new data for the axis_dma_stream_add_one_i/smartconnect_0/inst/m00_nodes/m00_b_node/inst/inst_mi_handler/gen_normal_area.gen_fifo_req.inst_fifo_req/gen_xpm_memory_fifo.inst_fifo/gen_mem_rep[0].inst_xpm_memory/xpm_memory_base_inst block.
INFO: [Memdata 28-167] Found XPM memory block axis_dma_stream_add_one_i/smartconnect_0/inst/m00_nodes/m00_aw_node/inst/inst_mi_handler/gen_normal_area.inst_fifo_node_payld/gen_xpm_memory_fifo.inst_fifo/gen_mem_rep[0].inst_xpm_memory/xpm_memory_base_inst with a P_MEMORY_PRIMITIVE property set to distributed. A value of block is required. You will not be able to use the updatemem program to update the bitstream with new data for the axis_dma_stream_add_one_i/smartconnect_0/inst/m00_nodes/m00_aw_node/inst/inst_mi_handler/gen_normal_area.inst_fifo_node_payld/gen_xpm_memory_fifo.inst_fifo/gen_mem_rep[0].inst_xpm_memory/xpm_memory_base_inst block.
INFO: [Memdata 28-167] Found XPM memory block axis_dma_stream_add_one_i/smartconnect_0/inst/m00_nodes/m00_ar_node/inst/inst_mi_handler/gen_normal_area.inst_fifo_node_payld/gen_xpm_memory_fifo.inst_fifo/gen_mem_rep[0].inst_xpm_memory/xpm_memory_base_inst with a P_MEMORY_PRIMITIVE property set to distributed. A value of block is required. You will not be able to use the updatemem program to update the bitstream with new data for the axis_dma_stream_add_one_i/smartconnect_0/inst/m00_nodes/m00_ar_node/inst/inst_mi_handler/gen_normal_area.inst_fifo_node_payld/gen_xpm_memory_fifo.inst_fifo/gen_mem_rep[0].inst_xpm_memory/xpm_memory_base_inst block.
INFO: [Memdata 28-167] Found XPM memory block axis_dma_stream_add_one_i/axi_dma_0/U0/I_PRMRY_DATAMOVER/GEN_S2MM_FULL.I_S2MM_FULL_WRAPPER/GEN_ENABLE_INDET_BTT_SF.I_INDET_BTT/I_XD_FIFO/NON_BLK_MEM.I_SYNC_FIFOGEN_FIFO/xpm_fifo_instance.xpm_fifo_sync_inst/xpm_fifo_base_inst/gen_sdpram.xpm_memory_base_inst with a P_MEMORY_PRIMITIVE property set to auto. A value of block is required. You will not be able to use the updatemem program to update the bitstream with new data for the axis_dma_stream_add_one_i/axi_dma_0/U0/I_PRMRY_DATAMOVER/GEN_S2MM_FULL.I_S2MM_FULL_WRAPPER/GEN_ENABLE_INDET_BTT_SF.I_INDET_BTT/I_XD_FIFO/NON_BLK_MEM.I_SYNC_FIFOGEN_FIFO/xpm_fifo_instance.xpm_fifo_sync_inst/xpm_fifo_base_inst/gen_sdpram.xpm_memory_base_inst block.
INFO: [Memdata 28-208] The XPM instance: <axis_dma_stream_add_one_i/axi_dma_0/U0/I_PRMRY_DATAMOVER/GEN_S2MM_FULL.I_S2MM_FULL_WRAPPER/GEN_ENABLE_INDET_BTT_SF.I_INDET_BTT/I_DATA_FIFO/BLK_MEM.I_SYNC_FIFOGEN_FIFO/xpm_fifo_instance.xpm_fifo_sync_inst/xpm_fifo_base_inst/gen_sdpram.xpm_memory_base_inst> is part of IP: <axis_dma_stream_add_one_i/axi_dma_0>. This XPM instance will be excluded from the .mmi because updatemem is prohibited from making changes to an XPM that is part of an IP.
INFO: [Memdata 28-208] The XPM instance: <axis_dma_stream_add_one_i/axi_dma_0/U0/I_PRMRY_DATAMOVER/GEN_MM2S_FULL.I_MM2S_FULL_WRAPPER/GEN_INCLUDE_MM2S_SF.I_RD_SF/I_DATA_FIFO/BLK_MEM.I_SYNC_FIFOGEN_FIFO/xpm_fifo_instance.xpm_fifo_sync_inst/xpm_fifo_base_inst/gen_sdpram.xpm_memory_base_inst> is part of IP: <axis_dma_stream_add_one_i/axi_dma_0>. This XPM instance will be excluded from the .mmi because updatemem is prohibited from making changes to an XPM that is part of an IP.
Command: write_bitstream -force axis_dma_stream_add_one_wrapper.bit
Attempting to get a license for feature 'Implementation' and/or device 'xck26'
INFO: [Common 17-349] Got license for feature 'Implementation' and/or device 'xck26'
Running DRC as a precondition to command write_bitstream
INFO: [IP_Flow 19-1839] IP Catalog is up to date.
INFO: [DRC 23-27] Running DRC with 2 threads
WARNING: [DRC REQP-1935] RAMB36E2_nochange_collision_advisory: Synchronous clocking is detected for BRAM (axis_dma_stream_add_one_i/axi_dma_0/U0/I_PRMRY_DATAMOVER/GEN_MM2S_FULL.I_MM2S_FULL_WRAPPER/GEN_INCLUDE_MM2S_SF.I_RD_SF/I_DATA_FIFO/BLK_MEM.I_SYNC_FIFOGEN_FIFO/xpm_fifo_instance.xpm_fifo_sync_inst/xpm_fifo_base_inst/gen_sdpram.xpm_memory_base_inst/gen_wr_a.gen_word_narrow.mem_reg) in SDP mode with NO_CHANGE write-mode. This is the preferred mode for best power characteristics. However, NO_CHANGE may exhibit address collisions if the same address appears on both read and write ports resulting in unknown or corrupted read data. It is suggested to confirm via simulation that an address collision never occurs and if so it is suggested to try and avoid this situation. If address collisions cannot be avoided, the write-mode may be set to READ_FIRST which guarantees that the read data is the prior contents of the memory at the cost of additional power in the design. See the FPGA Memory Resources User Guide for additional information.
WARNING: [DRC REQP-1935] RAMB36E2_nochange_collision_advisory: Synchronous clocking is detected for BRAM (axis_dma_stream_add_one_i/axi_dma_0/U0/I_PRMRY_DATAMOVER/GEN_S2MM_FULL.I_S2MM_FULL_WRAPPER/GEN_ENABLE_INDET_BTT_SF.I_INDET_BTT/I_DATA_FIFO/BLK_MEM.I_SYNC_FIFOGEN_FIFO/xpm_fifo_instance.xpm_fifo_sync_inst/xpm_fifo_base_inst/gen_sdpram.xpm_memory_base_inst/gen_wr_a.gen_word_narrow.mem_reg) in SDP mode with NO_CHANGE write-mode. This is the preferred mode for best power characteristics. However, NO_CHANGE may exhibit address collisions if the same address appears on both read and write ports resulting in unknown or corrupted read data. It is suggested to confirm via simulation that an address collision never occurs and if so it is suggested to try and avoid this situation. If address collisions cannot be avoided, the write-mode may be set to READ_FIRST which guarantees that the read data is the prior contents of the memory at the cost of additional power in the design. See the FPGA Memory Resources User Guide for additional information.
INFO: [Vivado 12-3199] DRC finished with 0 Errors, 2 Warnings
INFO: [Vivado 12-3200] Please refer to the DRC report (report_drc) for more information.
INFO: [Designutils 20-2272] Running write_bitstream with 2 threads.
Loading data files...
Loading site data...
Loading route data...
Processing options...
Creating bitmap...
Creating bitstream...
Writing bitstream ./axis_dma_stream_add_one_wrapper.bit...
INFO: [Vivado 12-1842] Bitgen Completed Successfully.
INFO: [Project 1-1876] WebTalk data collection is mandatory when using a ULT device. To see the specific WebTalk data collected for your design, open the usage_statistics_webtalk.html or usage_statistics_webtalk.xml file in the implementation directory.
INFO: [Common 17-83] Releasing license: Implementation
48 Infos, 2 Warnings, 0 Critical Warnings and 0 Errors encountered.
write_bitstream completed successfully
write_bitstream: Time (s): cpu = 00:00:35 ; elapsed = 00:00:26 . Memory (MB): peak = 4119.273 ; gain = 0.000
INFO: [Common 17-206] Exiting Vivado at Thu May 14 16:33:22 2026...
